<?xml version="1.0" encoding="UTF-8"?>
<testng-results ignored="0" total="1" passed="1" failed="0" skipped="0">
  <reporter-output>
  </reporter-output>
  <suite started-at="2023-05-25T00:54:20 IST" name="Default suite" finished-at="2023-05-25T00:54:47 IST" duration-ms="26449">
    <groups>
    </groups>
    <test started-at="2023-05-25T00:54:20 IST" name="Default test" finished-at="2023-05-25T00:54:47 IST" duration-ms="26449">
      <class name="packg.DragAndDrop">
        <test-method signature="cookies_1()[pri:0, instance:packg.DragAndDrop@3012646b]" started-at="2023-05-25T00:54:20 IST" name="cookies_1" finished-at="2023-05-25T00:54:47 IST" duration-ms="26423" status="PASS">
          <reporter-output>
          </reporter-output>
        </test-method> <!-- cookies_1 -->
      </class> <!-- packg.DragAndDrop -->
    </test> <!-- Default test -->
  </suite> <!-- Default suite -->
</testng-results>
